<?xml version="1.0" encoding="UTF-8"?>
<testsuite name="ohtuesimerkki.StatisticsTest" tests="7" skipped="0" failures="0" errors="0" timestamp="2020-10-30T20:46:32" hostname="lx8-fuxi179" time="0.007">
  <properties/>
  <testcase name="topScorersReturnsEmptyIfhowManyIsLessThanOrEqualToZero" classname="ohtuesimerkki.StatisticsTest" time="0.005"/>
  <testcase name="topScorersReturnsThePlayersSortedByGoalsScored" classname="ohtuesimerkki.StatisticsTest" time="0.0"/>
  <testcase name="searchReturnsNullIfNoSuchPlayerIsInTheStats" classname="ohtuesimerkki.StatisticsTest" time="0.0"/>
  <testcase name="teamReturnsAListOfAllPlayersWhoBelongToThatTeam" classname="ohtuesimerkki.StatisticsTest" time="0.0"/>
  <testcase name="searchReturnsTheCorrectPlayer" classname="ohtuesimerkki.StatisticsTest" time="0.001"/>
  <testcase name="teamReturnsAnEmptyListIfNoPlayersBelongToTheTeam" classname="ohtuesimerkki.StatisticsTest" time="0.0"/>
  <testcase name="topScorersReturnsTheDesiredAmountOfPlayers" classname="ohtuesimerkki.StatisticsTest" time="0.0"/>
  <system-out><![CDATA[]]></system-out>
  <system-err><![CDATA[]]></system-err>
</testsuite>
